============================================================
Configurando Git + GitHub SSH no CachyOS
============================================================
Log: /home/victorlcs/repositorios/scripts-linux/configurar-git-github-20260601-164845.log
Dry-run: false

Verificando dependências...
Dependências já instaladas.
Chave já existe: /home/victorlcs/.ssh/id_ed25519_github
Bloco SSH adicionado em /home/victorlcs/.ssh/config.

Adicionando chave ao ssh-agent da sessão atual...
Agent pid 41684
Could not open a connection to your authentication agent.

Chave pública:
ssh-ed25519 AAAAC3NzaC1lZDI1NTE5AAAAINuS082wi8xT+0rjUGpXPrzMvFFq64cnXrXoJhWcRxOk victorlcs.unb@gmail.com

Chave pública copiada para a área de transferência.

Agora você tem duas opções:
1) Abrir GitHub > Settings > SSH and GPG keys > New SSH key e colar a chave.
2) Usar a CLI: gh auth login e depois gh ssh-key add "/home/victorlcs/.ssh/id_ed25519_github.pub" --title "Alienware CachyOS"
✓ Public key already exists on your account

Teste final:
Warning: Permanently added 'github.com' (ED25519) to the list of known hosts.
Hi victorlcs87! You've successfully authenticated, but GitHub does not provide shell access.

Concluído. Log salvo em: /home/victorlcs/repositorios/scripts-linux/configurar-git-github-20260601-164845.log
